<?xml version="1.0" encoding="UTF-8"?>
<robot generator="Robot 5.0.1 (Python 3.7.0 on win32)" generated="20220826 19:18:52.640" rpa="false" schemaversion="3">
<suite id="s1" name="TC1 GET Requests" source="D:\Robot Framework\TestCases\TC1_GET_Requests.robot">
<test id="s1-t1" name="Get_weatherinfo" line="10">
<kw name="Create Session" library="RequestsLibrary">
<arg>mysession</arg>
<arg>${base_url}</arg>
<doc>Create Session: create a HTTP session to a server</doc>
<msg timestamp="20220826 19:18:52.832" level="INFO">Creating Session using : alias=mysession, url=https://restcountries.com, headers={},                     cookies={}, auth=None, timeout=None, proxies=None, verify=False,                     debug=0 </msg>
<status status="PASS" starttime="20220826 19:18:52.832" endtime="20220826 19:18:52.833"/>
</kw>
<kw name="GET On Session" library="RequestsLibrary">
<var>${response}</var>
<arg>mysession</arg>
<arg>/v2/name/${country}</arg>
<doc>Sends a GET request on a previously created HTTP Session.</doc>
<msg timestamp="20220826 19:18:53.514" level="INFO">GET Request : url=https://restcountries.com/v2/name/Bangladesh 
 path_url=/v2/name/Bangladesh 
 headers={'User-Agent': 'python-requests/2.28.1', 'Accept-Encoding': 'gzip, deflate', 'Accept': '*/*', 'Connection': 'keep-alive'} 
 body=None 
 </msg>
<msg timestamp="20220826 19:18:53.515" level="INFO">GET Response : url=https://restcountries.com/v2/name/Bangladesh 
 status=200, reason=OK 
 headers={'Date': 'Fri, 26 Aug 2022 16:18:52 GMT', 'Server': 'Apache/2.4.38 (Debian)', 'Content-Type': 'application/json', 'content-encoding': 'gzip', 'content-length': '626', 'Keep-Alive': 'timeout=5, max=100', 'Connection': 'Keep-Alive'} 
 body=[{"name":"Bangladesh","topLevelDomain":[".bd"],"alpha2Code":"BD","alpha3Code":"BGD","callingCodes":["880"],"capital":"Dhaka","altSpellings":["BD","People's Republic of Bangladesh","Gônôprôjatôntri Bangladesh"],"subregion":"Southern Asia","region":"Asia","population":164689383,"latlng":[24.0,90.0],"demonym":"Bangladeshi","area":147570.0,"gini":32.4,"timezones":["UTC+06:00"],"borders":["MMR","IND"],"nativeName":"Bangladesh","numericCode":"050","flags":{"svg":"https://flagcdn.com/bd.svg","png":"https://flagcdn.com/w320/bd.png"},"currencies":[{"code":"BDT","name":"Bangladeshi taka","symbol":"৳"}],"languages":[{"iso639_1":"bn","iso639_2":"ben","name":"Bengali","nativeName":"বাংলা"}],"translations":{"br":"Bangladesh","pt":"Bangladeche","nl":"Bangladesh","hr":"Bangladeš","fa":"بنگلادش","de":"Bangladesch","es":"Bangladesh","fr":"Bangladesh","ja":"バングラデシュ","it":"Bangladesh","hu":"Banglades"},"flag":"https://flagcdn.com/bd.svg","regionalBlocs":[{"acronym":"SAARC","name":"South Asian Association for Regional Cooperation"}],"cioc":"BAN","independent":true}] 
 </msg>
<msg timestamp="20220826 19:18:53.515" level="INFO">d:\robot framework\venv\lib\site-packages\urllib3\connectionpool.py:1052: InsecureRequestWarning: Unverified HTTPS request is being made to host 'restcountries.com'. Adding certificate verification is strongly advised. See: https://urllib3.readthedocs.io/en/1.26.x/advanced-usage.html#ssl-warnings
  InsecureRequestWarning,</msg>
<msg timestamp="20220826 19:18:53.517" level="INFO">${response} = &lt;Response [200]&gt;</msg>
<status status="PASS" starttime="20220826 19:18:52.833" endtime="20220826 19:18:53.517"/>
</kw>
<kw name="Convert To String" library="BuiltIn">
<var>${status_code}</var>
<arg>${response.status_code}</arg>
<doc>Converts the given item to a Unicode string.</doc>
<msg timestamp="20220826 19:18:53.519" level="INFO">${status_code} = 200</msg>
<status status="PASS" starttime="20220826 19:18:53.518" endtime="20220826 19:18:53.519"/>
</kw>
<kw name="Should Be Equal" library="BuiltIn">
<arg>${status_code}</arg>
<arg>200</arg>
<doc>Fails if the given objects are unequal.</doc>
<status status="PASS" starttime="20220826 19:18:53.519" endtime="20220826 19:18:53.520"/>
</kw>
<kw name="Get From Dictionary" library="Collections">
<var>${ContentValue}</var>
<arg>${response.headers}</arg>
<arg>Content-Type</arg>
<doc>Returns a value from the given ``dictionary`` based on the given ``key``.</doc>
<msg timestamp="20220826 19:18:53.521" level="INFO">${ContentValue} = application/json</msg>
<status status="PASS" starttime="20220826 19:18:53.520" endtime="20220826 19:18:53.521"/>
</kw>
<kw name="Should Be Equal" library="BuiltIn">
<arg>${ContentValue}</arg>
<arg>application/json</arg>
<doc>Fails if the given objects are unequal.</doc>
<status status="PASS" starttime="20220826 19:18:53.522" endtime="20220826 19:18:53.522"/>
</kw>
<kw name="Convert To String" library="BuiltIn">
<var>${body}</var>
<arg>${response.content}</arg>
<doc>Converts the given item to a Unicode string.</doc>
<msg timestamp="20220826 19:18:53.524" level="INFO">${body} = [{"name":"Bangladesh","topLevelDomain":[".bd"],"alpha2Code":"BD","alpha3Code":"BGD","callingCodes":["880"],"capital":"Dhaka","altSpellings":["BD","People's Republic of Bangladesh","G\xc3\xb4n\xc3\xb4p...</msg>
<status status="PASS" starttime="20220826 19:18:53.523" endtime="20220826 19:18:53.524"/>
</kw>
<kw name="Should Contain" library="BuiltIn">
<arg>${body}</arg>
<arg>Dhaka</arg>
<doc>Fails if ``container`` does not contain ``item`` one or more times.</doc>
<status status="PASS" starttime="20220826 19:18:53.524" endtime="20220826 19:18:53.525"/>
</kw>
<status status="PASS" starttime="20220826 19:18:52.831" endtime="20220826 19:18:53.525"/>
</test>
<status status="PASS" starttime="20220826 19:18:52.643" endtime="20220826 19:18:53.528"/>
</suite>
<statistics>
<total>
<stat pass="1" fail="0" skip="0">All Tests</stat>
</total>
<tag>
</tag>
<suite>
<stat pass="1" fail="0" skip="0" id="s1" name="TC1 GET Requests">TC1 GET Requests</stat>
</suite>
</statistics>
<errors>
</errors>
</robot>
